<?xml version="1.0" encoding="UTF-8"?>
<!-- Generated by org.testng.reporters.JUnitReportReporter -->
<testsuite skipped="0" hostname="qaplanet-PC" name="login.Testcaeses" tests="2" failures="0" timestamp="13 Jul 2019 13:55:22 GMT" time="27.258" errors="0">
  <testcase name="tc0001" time="15.118" classname="login.Testcaeses"/>
  <testcase name="tc0002" time="12.140" classname="login.Testcaeses"/>
</testsuite> <!-- login.Testcaeses -->
